0 info it worked if it ends with ok
1 verbose cli [ '/Users/keifc/.nvm/versions/node/v6.9.1/bin/node',
1 verbose cli   '/Users/keifc/.nvm/versions/node/v6.9.1/bin/npm',
1 verbose cli   'publish',
1 verbose cli   '--tag',
1 verbose cli   'v1.0.8' ]
2 info using npm@3.10.8
3 info using node@v6.9.1
4 verbose publish [ '.' ]
5 verbose stack Error: Tag name must not be a valid SemVer range: v1.0.8
5 verbose stack     at EventEmitter.publish (/Users/keifc/.nvm/versions/node/v6.9.1/lib/node_modules/npm/lib/publish.js:41:14)
5 verbose stack     at Object.commandCache.(anonymous function) (/Users/keifc/.nvm/versions/node/v6.9.1/lib/node_modules/npm/lib/npm.js:124:13)
5 verbose stack     at EventEmitter.<anonymous> (/Users/keifc/.nvm/versions/node/v6.9.1/lib/node_modules/npm/bin/npm-cli.js:73:30)
5 verbose stack     at _combinedTickCallback (internal/process/next_tick.js:67:7)
5 verbose stack     at process._tickCallback (internal/process/next_tick.js:98:9)
6 verbose cwd /Users/keifc/vue-filter-bar/demo
7 error Darwin 16.1.0
8 error argv "/Users/keifc/.nvm/versions/node/v6.9.1/bin/node" "/Users/keifc/.nvm/versions/node/v6.9.1/bin/npm" "publish" "--tag" "v1.0.8"
9 error node v6.9.1
10 error npm  v3.10.8
11 error Tag name must not be a valid SemVer range: v1.0.8
12 error If you need help, you may report this error at:
12 error     <https://github.com/npm/npm/issues>
13 verbose exit [ 1, true ]
